<?xml version="1.0" encoding="UTF-8"?>
<coverage generated="1717068056349" clover="3.2.0">
  <project timestamp="1717068056349" name="All files">
    <metrics statements="73" coveredstatements="67" conditionals="20" coveredconditionals="14" methods="10" coveredmethods="9" elements="103" coveredelements="90" complexity="0" loc="73" ncloc="73" packages="4" files="4" classes="4"/>
    <package name="src">
      <metrics statements="28" coveredstatements="27" conditionals="8" coveredconditionals="5" methods="5" coveredmethods="5"/>
      <file name="main.tsx" path="/Users/aliyabiggs/Documents/tech_test/client/src/main.tsx">
        <metrics statements="28" coveredstatements="27" conditionals="8" coveredconditionals="5" methods="5" coveredmethods="5"/>
        <line num="1" count="1" type="stmt"/>
        <line num="3" count="1" type="stmt"/>
        <line num="4" count="1" type="stmt"/>
        <line num="5" count="1" type="stmt"/>
        <line num="7" count="1" type="stmt"/>
        <line num="8" count="9" type="stmt"/>
        <line num="9" count="9" type="stmt"/>
        <line num="13" count="9" type="stmt"/>
        <line num="14" count="9" type="stmt"/>
        <line num="16" count="9" type="stmt"/>
        <line num="18" count="4" type="cond" truecount="1" falsecount="0"/>
        <line num="20" count="3" type="stmt"/>
        <line num="22" count="3" type="cond" truecount="1" falsecount="1"/>
        <line num="24" count="3" type="stmt"/>
        <line num="25" count="3" type="stmt"/>
        <line num="26" count="3" type="stmt"/>
        <line num="28" count="3" type="cond" truecount="0" falsecount="1"/>
        <line num="29" count="0" type="stmt"/>
        <line num="33" count="9" type="stmt"/>
        <line num="34" count="1" type="stmt"/>
        <line num="35" count="1" type="stmt"/>
        <line num="36" count="1" type="stmt"/>
        <line num="39" count="9" type="stmt"/>
        <line num="40" count="9" type="cond" truecount="1" falsecount="1"/>
        <line num="45" count="9" type="stmt"/>
        <line num="49" count="9" type="stmt"/>
        <line num="56" count="81" type="stmt"/>
        <line num="59" count="4" type="stmt"/>
      </file>
    </package>
    <package name="src.components.Slider">
      <metrics statements="10" coveredstatements="7" conditionals="1" coveredconditionals="0" methods="3" coveredmethods="2"/>
      <file name="index.tsx" path="/Users/aliyabiggs/Documents/tech_test/client/src/components/Slider/index.tsx">
        <metrics statements="10" coveredstatements="7" conditionals="1" coveredconditionals="0" methods="3" coveredmethods="2"/>
        <line num="1" count="1" type="stmt"/>
        <line num="13" count="1" type="stmt"/>
        <line num="21" count="12" type="stmt"/>
        <line num="24" count="12" type="stmt"/>
        <line num="25" count="5" type="stmt"/>
        <line num="28" count="12" type="stmt"/>
        <line num="29" count="0" type="stmt"/>
        <line num="30" count="0" type="stmt"/>
        <line num="31" count="0" type="stmt"/>
        <line num="34" count="12" type="stmt"/>
      </file>
    </package>
    <package name="src.components.Square">
      <metrics statements="3" coveredstatements="3" conditionals="0" coveredconditionals="0" methods="1" coveredmethods="1"/>
      <file name="index.tsx" path="/Users/aliyabiggs/Documents/tech_test/client/src/components/Square/index.tsx">
        <metrics statements="3" coveredstatements="3" conditionals="0" coveredconditionals="0" methods="1" coveredmethods="1"/>
        <line num="1" count="1" type="stmt"/>
        <line num="4" count="1" type="stmt"/>
        <line num="11" count="81" type="stmt"/>
      </file>
    </package>
    <package name="src.utils">
      <metrics statements="32" coveredstatements="30" conditionals="11" coveredconditionals="9" methods="1" coveredmethods="1"/>
      <file name="calculateWinner.ts" path="/Users/aliyabiggs/Documents/tech_test/client/src/utils/calculateWinner.ts">
        <metrics statements="32" coveredstatements="30" conditionals="11" coveredconditionals="9" methods="1" coveredmethods="1"/>
        <line num="3" count="2" type="stmt"/>
        <line num="8" count="5" type="cond" truecount="0" falsecount="1"/>
        <line num="11" count="5" type="stmt"/>
        <line num="12" count="5" type="stmt"/>
        <line num="13" count="5" type="stmt"/>
        <line num="17" count="5" type="stmt"/>
        <line num="18" count="5" type="stmt"/>
        <line num="19" count="8" type="cond" truecount="1" falsecount="0"/>
        <line num="20" count="4" type="stmt"/>
        <line num="21" count="4" type="stmt"/>
        <line num="24" count="5" type="cond" truecount="1" falsecount="0"/>
        <line num="27" count="4" type="stmt"/>
        <line num="28" count="4" type="stmt"/>
        <line num="29" count="8" type="cond" truecount="1" falsecount="0"/>
        <line num="30" count="3" type="stmt"/>
        <line num="31" count="3" type="stmt"/>
        <line num="34" count="4" type="cond" truecount="1" falsecount="0"/>
        <line num="37" count="3" type="cond" truecount="1" falsecount="0"/>
        <line num="38" count="2" type="stmt"/>
        <line num="39" count="2" type="stmt"/>
        <line num="40" count="5" type="cond" truecount="1" falsecount="0"/>
        <line num="41" count="1" type="stmt"/>
        <line num="42" count="1" type="stmt"/>
        <line num="45" count="2" type="cond" truecount="1" falsecount="0"/>
        <line num="49" count="2" type="cond" truecount="1" falsecount="0"/>
        <line num="50" count="1" type="stmt"/>
        <line num="51" count="1" type="stmt"/>
        <line num="52" count="3" type="cond" truecount="0" falsecount="1"/>
        <line num="53" count="0" type="stmt"/>
        <line num="54" count="0" type="stmt"/>
        <line num="57" count="1" type="cond" truecount="1" falsecount="0"/>
        <line num="60" count="1" type="stmt"/>
      </file>
    </package>
  </project>
</coverage>
