{"/Users/aliyabiggs/Documents/tech_test/client/src/main.tsx": {"path":"/Users/aliyabiggs/Documents/tech_test/client/src/main.tsx","statementMap":{"0":{"start":{"line":1,"column":0},"end":{"line":1,"column":40}},"1":{"start":{"line":3,"column":0},"end":{"line":3,"column":45}},"2":{"start":{"line":4,"column":0},"end":{"line":4,"column":45}},"3":{"start":{"line":5,"column":0},"end":{"line":5,"column":58}},"4":{"start":{"line":7,"column":20},"end":{"line":80,"column":1}},"5":{"start":{"line":8,"column":26},"end":{"line":8,"column":45}},"6":{"start":{"line":9,"column":28},"end":{"line":10,"column":null}},"7":{"start":{"line":13,"column":24},"end":{"line":13,"column":47}},"8":{"start":{"line":14,"column":34},"end":{"line":14,"column":63}},"9":{"start":{"line":16,"column":22},"end":{"line":31,"column":3}},"10":{"start":{"line":18,"column":4},"end":{"line":18,"column":29}},"11":{"start":{"line":18,"column":22},"end":{"line":18,"column":29}},"12":{"start":{"line":20,"column":24},"end":{"line":20,"column":37}},"13":{"start":{"line":22,"column":4},"end":{"line":22,"column":41}},"14":{"start":{"line":24,"column":4},"end":{"line":24,"column":26}},"15":{"start":{"line":25,"column":4},"end":{"line":25,"column":17}},"16":{"start":{"line":26,"column":4},"end":{"line":26,"column":23}},"17":{"start":{"line":28,"column":4},"end":{"line":30,"column":5}},"18":{"start":{"line":29,"column":6},"end":{"line":29,"column":13}},"19":{"start":{"line":33,"column":27},"end":{"line":37,"column":3}},"20":{"start":{"line":34,"column":4},"end":{"line":34,"column":15}},"21":{"start":{"line":35,"column":4},"end":{"line":35,"column":39}},"22":{"start":{"line":36,"column":4},"end":{"line":36,"column":17}},"23":{"start":{"line":39,"column":17},"end":{"line":39,"column":55}},"24":{"start":{"line":40,"column":17},"end":{"line":42,"column":42}},"25":{"start":{"line":45,"column":35},"end":{"line":47,"column":4}},"26":{"start":{"line":49,"column":2},"end":{"line":79,"column":4}},"27":{"start":{"line":56,"column":12},"end":{"line":59,"column":null}},"28":{"start":{"line":59,"column":29},"end":{"line":59,"column":47}},"29":{"start":{"line":7,"column":13},"end":{"line":7,"column":20}}},"fnMap":{"0":{"name":"(anonymous_6)","decl":{"start":{"line":7,"column":20},"end":{"line":7,"column":23}},"loc":{"start":{"line":7,"column":25},"end":{"line":80,"column":1}}},"1":{"name":"(anonymous_7)","decl":{"start":{"line":16,"column":22},"end":{"line":16,"column":23}},"loc":{"start":{"line":16,"column":40},"end":{"line":31,"column":3}}},"2":{"name":"(anonymous_8)","decl":{"start":{"line":33,"column":27},"end":{"line":33,"column":30}},"loc":{"start":{"line":33,"column":32},"end":{"line":37,"column":3}}},"3":{"name":"(anonymous_9)","decl":{"start":{"line":55,"column":21},"end":{"line":55,"column":22}},"loc":{"start":{"line":56,"column":12},"end":{"line":59,"column":null}}},"4":{"name":"(anonymous_10)","decl":{"start":{"line":59,"column":23},"end":{"line":59,"column":26}},"loc":{"start":{"line":59,"column":29},"end":{"line":59,"column":47}}}},"branchMap":{"0":{"loc":{"start":{"line":18,"column":4},"end":{"line":18,"column":29}},"type":"if","locations":[{"start":{"line":18,"column":4},"end":{"line":18,"column":29}}]},"1":{"loc":{"start":{"line":22,"column":25},"end":{"line":22,"column":40}},"type":"cond-expr","locations":[{"start":{"line":22,"column":31},"end":{"line":22,"column":34}},{"start":{"line":22,"column":37},"end":{"line":22,"column":40}}]},"2":{"loc":{"start":{"line":28,"column":4},"end":{"line":30,"column":5}},"type":"if","locations":[{"start":{"line":28,"column":4},"end":{"line":30,"column":5}}]},"3":{"loc":{"start":{"line":40,"column":17},"end":{"line":42,"column":42}},"type":"cond-expr","locations":[{"start":{"line":41,"column":6},"end":{"line":41,"column":39}},{"start":{"line":42,"column":6},"end":{"line":42,"column":42}}]},"4":{"loc":{"start":{"line":42,"column":25},"end":{"line":42,"column":40}},"type":"cond-expr","locations":[{"start":{"line":42,"column":31},"end":{"line":42,"column":34}},{"start":{"line":42,"column":37},"end":{"line":42,"column":40}}]}},"s":{"0":1,"1":1,"2":1,"3":1,"4":1,"5":9,"6":9,"7":9,"8":9,"9":9,"10":4,"11":1,"12":3,"13":3,"14":3,"15":3,"16":3,"17":3,"18":0,"19":9,"20":1,"21":1,"22":1,"23":9,"24":9,"25":9,"26":9,"27":81,"28":4,"29":1},"f":{"0":9,"1":4,"2":1,"3":81,"4":4},"b":{"0":[1],"1":[3,0],"2":[0],"3":[0,9],"4":[6,3]}}
,"/Users/aliyabiggs/Documents/tech_test/client/src/components/Slider/index.tsx": {"path":"/Users/aliyabiggs/Documents/tech_test/client/src/components/Slider/index.tsx","statementMap":{"0":{"start":{"line":1,"column":0},"end":{"line":1,"column":51}},"1":{"start":{"line":13,"column":45},"end":{"line":50,"column":1}},"2":{"start":{"line":21,"column":28},"end":{"line":21,"column":58}},"3":{"start":{"line":24,"column":2},"end":{"line":26,"column":21}},"4":{"start":{"line":25,"column":4},"end":{"line":25,"column":27}},"5":{"start":{"line":28,"column":23},"end":{"line":32,"column":3}},"6":{"start":{"line":29,"column":4},"end":{"line":29,"column":37}},"7":{"start":{"line":30,"column":4},"end":{"line":30,"column":36}},"8":{"start":{"line":31,"column":4},"end":{"line":31,"column":65}},"9":{"start":{"line":34,"column":2},"end":{"line":49,"column":4}},"10":{"start":{"line":13,"column":13},"end":{"line":13,"column":45}}},"fnMap":{"0":{"name":"(anonymous_6)","decl":{"start":{"line":13,"column":45},"end":{"line":13,"column":46}},"loc":{"start":{"line":20,"column":5},"end":{"line":50,"column":1}}},"1":{"name":"(anonymous_7)","decl":{"start":{"line":24,"column":12},"end":{"line":24,"column":15}},"loc":{"start":{"line":24,"column":17},"end":{"line":26,"column":3}}},"2":{"name":"(anonymous_8)","decl":{"start":{"line":28,"column":23},"end":{"line":28,"column":24}},"loc":{"start":{"line":28,"column":66},"end":{"line":32,"column":3}}}},"branchMap":{"0":{"loc":{"start":{"line":17,"column":2},"end":{"line":17,"column":18}},"type":"default-arg","locations":[{"start":{"line":17,"column":17},"end":{"line":17,"column":18}}]}},"s":{"0":1,"1":1,"2":12,"3":12,"4":5,"5":12,"6":0,"7":0,"8":0,"9":12,"10":1},"f":{"0":12,"1":5,"2":0},"b":{"0":[0]}}
,"/Users/aliyabiggs/Documents/tech_test/client/src/components/Square/index.tsx": {"path":"/Users/aliyabiggs/Documents/tech_test/client/src/components/Square/index.tsx","statementMap":{"0":{"start":{"line":1,"column":0},"end":{"line":1,"column":26}},"1":{"start":{"line":4,"column":22},"end":{"line":19,"column":1}},"2":{"start":{"line":11,"column":2},"end":{"line":18,"column":4}},"3":{"start":{"line":4,"column":13},"end":{"line":4,"column":22}}},"fnMap":{"0":{"name":"(anonymous_1)","decl":{"start":{"line":4,"column":22},"end":{"line":4,"column":23}},"loc":{"start":{"line":10,"column":5},"end":{"line":19,"column":1}}}},"branchMap":{},"s":{"0":1,"1":1,"2":81,"3":1},"f":{"0":81},"b":{}}
,"/Users/aliyabiggs/Documents/tech_test/client/src/utils/calculateWinner.ts": {"path":"/Users/aliyabiggs/Documents/tech_test/client/src/utils/calculateWinner.ts","statementMap":{"0":{"start":{"line":3,"column":31},"end":{"line":61,"column":3}},"1":{"start":{"line":8,"column":4},"end":{"line":8,"column":39}},"2":{"start":{"line":8,"column":27},"end":{"line":8,"column":39}},"3":{"start":{"line":11,"column":16},"end":{"line":11,"column":43}},"4":{"start":{"line":12,"column":16},"end":{"line":12,"column":31}},"5":{"start":{"line":13,"column":19},"end":{"line":13,"column":36}},"6":{"start":{"line":17,"column":17},"end":{"line":17,"column":21}},"7":{"start":{"line":18,"column":4},"end":{"line":23,"column":5}},"8":{"start":{"line":18,"column":17},"end":{"line":18,"column":18}},"9":{"start":{"line":19,"column":6},"end":{"line":22,"column":7}},"10":{"start":{"line":20,"column":8},"end":{"line":20,"column":23}},"11":{"start":{"line":21,"column":8},"end":{"line":21,"column":14}},"12":{"start":{"line":24,"column":4},"end":{"line":24,"column":30}},"13":{"start":{"line":24,"column":16},"end":{"line":24,"column":30}},"14":{"start":{"line":27,"column":17},"end":{"line":27,"column":21}},"15":{"start":{"line":28,"column":4},"end":{"line":33,"column":5}},"16":{"start":{"line":28,"column":17},"end":{"line":28,"column":18}},"17":{"start":{"line":29,"column":6},"end":{"line":32,"column":7}},"18":{"start":{"line":30,"column":8},"end":{"line":30,"column":23}},"19":{"start":{"line":31,"column":8},"end":{"line":31,"column":14}},"20":{"start":{"line":34,"column":4},"end":{"line":34,"column":30}},"21":{"start":{"line":34,"column":16},"end":{"line":34,"column":30}},"22":{"start":{"line":37,"column":4},"end":{"line":46,"column":5}},"23":{"start":{"line":38,"column":20},"end":{"line":38,"column":24}},"24":{"start":{"line":39,"column":6},"end":{"line":44,"column":7}},"25":{"start":{"line":39,"column":19},"end":{"line":39,"column":20}},"26":{"start":{"line":40,"column":8},"end":{"line":43,"column":9}},"27":{"start":{"line":41,"column":10},"end":{"line":41,"column":26}},"28":{"start":{"line":42,"column":10},"end":{"line":42,"column":16}},"29":{"start":{"line":45,"column":6},"end":{"line":45,"column":33}},"30":{"start":{"line":45,"column":19},"end":{"line":45,"column":33}},"31":{"start":{"line":49,"column":4},"end":{"line":58,"column":5}},"32":{"start":{"line":50,"column":24},"end":{"line":50,"column":28}},"33":{"start":{"line":51,"column":6},"end":{"line":56,"column":7}},"34":{"start":{"line":51,"column":19},"end":{"line":51,"column":20}},"35":{"start":{"line":52,"column":8},"end":{"line":55,"column":9}},"36":{"start":{"line":53,"column":10},"end":{"line":53,"column":30}},"37":{"start":{"line":54,"column":10},"end":{"line":54,"column":16}},"38":{"start":{"line":57,"column":6},"end":{"line":57,"column":37}},"39":{"start":{"line":57,"column":23},"end":{"line":57,"column":37}},"40":{"start":{"line":60,"column":4},"end":{"line":60,"column":16}},"41":{"start":{"line":3,"column":13},"end":{"line":3,"column":31}}},"fnMap":{"0":{"name":"(anonymous_0)","decl":{"start":{"line":3,"column":31},"end":{"line":3,"column":null}},"loc":{"start":{"line":7,"column":6},"end":{"line":61,"column":3}}}},"branchMap":{"0":{"loc":{"start":{"line":8,"column":4},"end":{"line":8,"column":39}},"type":"if","locations":[{"start":{"line":8,"column":4},"end":{"line":8,"column":39}}]},"1":{"loc":{"start":{"line":19,"column":6},"end":{"line":22,"column":7}},"type":"if","locations":[{"start":{"line":19,"column":6},"end":{"line":22,"column":7}}]},"2":{"loc":{"start":{"line":24,"column":4},"end":{"line":24,"column":30}},"type":"if","locations":[{"start":{"line":24,"column":4},"end":{"line":24,"column":30}}]},"3":{"loc":{"start":{"line":29,"column":6},"end":{"line":32,"column":7}},"type":"if","locations":[{"start":{"line":29,"column":6},"end":{"line":32,"column":7}}]},"4":{"loc":{"start":{"line":34,"column":4},"end":{"line":34,"column":30}},"type":"if","locations":[{"start":{"line":34,"column":4},"end":{"line":34,"column":30}}]},"5":{"loc":{"start":{"line":37,"column":4},"end":{"line":46,"column":5}},"type":"if","locations":[{"start":{"line":37,"column":4},"end":{"line":46,"column":5}}]},"6":{"loc":{"start":{"line":40,"column":8},"end":{"line":43,"column":9}},"type":"if","locations":[{"start":{"line":40,"column":8},"end":{"line":43,"column":9}}]},"7":{"loc":{"start":{"line":45,"column":6},"end":{"line":45,"column":33}},"type":"if","locations":[{"start":{"line":45,"column":6},"end":{"line":45,"column":33}}]},"8":{"loc":{"start":{"line":49,"column":4},"end":{"line":58,"column":5}},"type":"if","locations":[{"start":{"line":49,"column":4},"end":{"line":58,"column":5}}]},"9":{"loc":{"start":{"line":52,"column":8},"end":{"line":55,"column":9}},"type":"if","locations":[{"start":{"line":52,"column":8},"end":{"line":55,"column":9}}]},"10":{"loc":{"start":{"line":57,"column":6},"end":{"line":57,"column":37}},"type":"if","locations":[{"start":{"line":57,"column":6},"end":{"line":57,"column":37}}]}},"s":{"0":2,"1":5,"2":0,"3":5,"4":5,"5":5,"6":5,"7":5,"8":5,"9":8,"10":4,"11":4,"12":5,"13":1,"14":4,"15":4,"16":4,"17":8,"18":3,"19":3,"20":4,"21":1,"22":3,"23":2,"24":2,"25":2,"26":5,"27":1,"28":1,"29":2,"30":1,"31":2,"32":1,"33":1,"34":1,"35":3,"36":0,"37":0,"38":1,"39":1,"40":1,"41":2},"f":{"0":5},"b":{"0":[0],"1":[4],"2":[1],"3":[3],"4":[1],"5":[2],"6":[1],"7":[1],"8":[1],"9":[0],"10":[1]}}
}
