TN:
SF:src/main.tsx
FN:7,(anonymous_6)
FN:16,(anonymous_7)
FN:33,(anonymous_8)
FN:55,(anonymous_9)
FN:59,(anonymous_10)
FNF:5
FNH:5
FNDA:9,(anonymous_6)
FNDA:4,(anonymous_7)
FNDA:1,(anonymous_8)
FNDA:81,(anonymous_9)
FNDA:4,(anonymous_10)
DA:1,1
DA:3,1
DA:4,1
DA:5,1
DA:7,1
DA:8,9
DA:9,9
DA:13,9
DA:14,9
DA:16,9
DA:18,4
DA:20,3
DA:22,3
DA:24,3
DA:25,3
DA:26,3
DA:28,3
DA:29,0
DA:33,9
DA:34,1
DA:35,1
DA:36,1
DA:39,9
DA:40,9
DA:45,9
DA:49,9
DA:56,81
DA:59,4
LF:28
LH:27
BRDA:18,0,0,1
BRDA:22,1,0,3
BRDA:22,1,1,0
BRDA:28,2,0,0
BRDA:40,3,0,0
BRDA:40,3,1,9
BRDA:42,4,0,6
BRDA:42,4,1,3
BRF:8
BRH:5
end_of_record
TN:
SF:src/components/Slider/index.tsx
FN:13,(anonymous_6)
FN:24,(anonymous_7)
FN:28,(anonymous_8)
FNF:3
FNH:2
FNDA:12,(anonymous_6)
FNDA:5,(anonymous_7)
FNDA:0,(anonymous_8)
DA:1,1
DA:13,1
DA:21,12
DA:24,12
DA:25,5
DA:28,12
DA:29,0
DA:30,0
DA:31,0
DA:34,12
LF:10
LH:7
BRDA:17,0,0,0
BRF:1
BRH:0
end_of_record
TN:
SF:src/components/Square/index.tsx
FN:4,(anonymous_1)
FNF:1
FNH:1
FNDA:81,(anonymous_1)
DA:1,1
DA:4,1
DA:11,81
LF:3
LH:3
BRF:0
BRH:0
end_of_record
TN:
SF:src/utils/calculateWinner.ts
FN:3,(anonymous_0)
FNF:1
FNH:1
FNDA:5,(anonymous_0)
DA:3,2
DA:8,5
DA:11,5
DA:12,5
DA:13,5
DA:17,5
DA:18,5
DA:19,8
DA:20,4
DA:21,4
DA:24,5
DA:27,4
DA:28,4
DA:29,8
DA:30,3
DA:31,3
DA:34,4
DA:37,3
DA:38,2
DA:39,2
DA:40,5
DA:41,1
DA:42,1
DA:45,2
DA:49,2
DA:50,1
DA:51,1
DA:52,3
DA:53,0
DA:54,0
DA:57,1
DA:60,1
LF:32
LH:30
BRDA:8,0,0,0
BRDA:19,1,0,4
BRDA:24,2,0,1
BRDA:29,3,0,3
BRDA:34,4,0,1
BRDA:37,5,0,2
BRDA:40,6,0,1
BRDA:45,7,0,1
BRDA:49,8,0,1
BRDA:52,9,0,0
BRDA:57,10,0,1
BRF:11
BRH:9
end_of_record
